<?xml version="1.0" encoding="UTF-8"?>
<!-- Generated by org.testng.reporters.JUnitXMLReporter -->
<testsuite ignored="0" hostname="Praveens-MacBook-Air.local" failures="1" tests="2" name="BankingApp Test" time="30.198" errors="0" timestamp="2024-09-11T23:53:07 IST">
  <testcase classname="com.BasicMaven.testCases.TC_LoginTest_001" name="loginTest" time="1.702">
    <failure type="java.lang.AssertionError" message="expected [true] but found [false]">
      <![CDATA[java.lang.AssertionError: expected [true] but found [false]
at com.BasicMaven.testCases.TC_LoginTest_001.loginTest(TC_LoginTest_001.java:33)
at java.base/java.util.ArrayList.forEach(ArrayList.java:1597)
at com.intellij.rt.testng.IDEARemoteTestNG.run(IDEARemoteTestNG.java:65)
at com.intellij.rt.testng.RemoteTestNGStarter.main(RemoteTestNGStarter.java:105)
... Removed 26 stack frames]]>
    </failure>
  </testcase> <!-- loginTest -->
  <testcase classname="com.BasicMaven.testCases.TC_AddCustomerTest_003" name="addNewCustomer" time="13.345"/>
</testsuite> <!-- BankingApp Test -->
